<?xml version="1.0" encoding="UTF-8"?>
<testng-results skipped="0" failed="0" total="6" passed="6">
  <reporter-output>
  </reporter-output>
  <suite name="Default suite" duration-ms="30582" started-at="2013-12-18T11:44:28Z" finished-at="2013-12-18T11:44:59Z">
    <groups>
    </groups>
    <test name="Default test" duration-ms="30582" started-at="2013-12-18T11:44:28Z" finished-at="2013-12-18T11:44:59Z">
      <class name="com.example.tests.GroupCreationTests">
        <test-method status="PASS" signature="testEmptyGroupCreation()[pri:0, instance:com.example.tests.GroupCreationTests@6229abca]" name="testEmptyGroupCreation" duration-ms="1952" started-at="2013-12-18T15:44:53Z" finished-at="2013-12-18T15:44:55Z">
          <reporter-output>
          </reporter-output>
        </test-method> <!-- testEmptyGroupCreation -->
        <test-method status="PASS" signature="testNonEmptyGroupCreation()[pri:0, instance:com.example.tests.GroupCreationTests@6229abca]" name="testNonEmptyGroupCreation" duration-ms="3146" started-at="2013-12-18T15:44:55Z" finished-at="2013-12-18T15:44:59Z">
          <reporter-output>
          </reporter-output>
        </test-method> <!-- testNonEmptyGroupCreation -->
      </class> <!-- com.example.tests.GroupCreationTests -->
      <class name="com.example.tests.TestBase">
        <test-method status="PASS" signature="setUp()[pri:0, instance:com.example.tests.TestBase@562e5771]" name="setUp" is-config="true" duration-ms="10269" started-at="2013-12-18T15:44:28Z" finished-at="2013-12-18T15:44:39Z">
          <reporter-output>
          </reporter-output>
        </test-method> <!-- setUp -->
        <test-method status="PASS" signature="tearDown()[pri:0, instance:com.example.tests.TestBase@562e5771]" name="tearDown" is-config="true" duration-ms="284" started-at="2013-12-18T15:44:59Z" finished-at="2013-12-18T15:44:59Z">
          <reporter-output>
          </reporter-output>
        </test-method> <!-- tearDown -->
      </class> <!-- com.example.tests.TestBase -->
      <class name="com.example.tests.AlsoGroupCreationTests">
        <test-method status="PASS" signature="testEmptyGroupCreation()[pri:0, instance:com.example.tests.AlsoGroupCreationTests@625b99ed]" name="testEmptyGroupCreation" duration-ms="1826" started-at="2013-12-18T15:44:49Z" finished-at="2013-12-18T15:44:51Z">
          <reporter-output>
          </reporter-output>
        </test-method> <!-- testEmptyGroupCreation -->
        <test-method status="PASS" signature="testNonEmptyGroupCreation()[pri:0, instance:com.example.tests.AlsoGroupCreationTests@625b99ed]" name="testNonEmptyGroupCreation" duration-ms="2591" started-at="2013-12-18T15:44:51Z" finished-at="2013-12-18T15:44:53Z">
          <reporter-output>
          </reporter-output>
        </test-method> <!-- testNonEmptyGroupCreation -->
      </class> <!-- com.example.tests.AlsoGroupCreationTests -->
      <class name="com.example.tests.AddressBookTests">
        <test-method status="PASS" signature="testEmptyAddressBook()[pri:0, instance:com.example.tests.AddressBookTests@6bd6c90d]" name="testEmptyAddressBook" duration-ms="5660" started-at="2013-12-18T15:44:39Z" finished-at="2013-12-18T15:44:44Z">
          <reporter-output>
          </reporter-output>
        </test-method> <!-- testEmptyAddressBook -->
        <test-method status="PASS" signature="testNotEmptyAddressBook()[pri:0, instance:com.example.tests.AddressBookTests@6bd6c90d]" name="testNotEmptyAddressBook" duration-ms="4834" started-at="2013-12-18T15:44:44Z" finished-at="2013-12-18T15:44:49Z">
          <reporter-output>
          </reporter-output>
        </test-method> <!-- testNotEmptyAddressBook -->
      </class> <!-- com.example.tests.AddressBookTests -->
    </test> <!-- Default test -->
  </suite> <!-- Default suite -->
</testng-results>
