<?xml version="1.0" encoding="UTF-8"?>
<!-- Generated by org.testng.reporters.JUnitXMLReporter -->
<testsuite hostname="spbpc89" name="Default test" tests="6" failures="0" timestamp="18 Dec 2013 11:44:59 GMT" time="30.582" errors="0">
  <testcase name="testEmptyAddressBook" time="5.66" classname="com.example.tests.AddressBookTests"/>
  <testcase name="testNotEmptyAddressBook" time="4.834" classname="com.example.tests.AddressBookTests"/>
  <testcase name="testEmptyGroupCreation" time="1.826" classname="com.example.tests.AlsoGroupCreationTests"/>
  <testcase name="testNonEmptyGroupCreation" time="2.591" classname="com.example.tests.AlsoGroupCreationTests"/>
  <testcase name="testEmptyGroupCreation" time="1.952" classname="com.example.tests.GroupCreationTests"/>
  <testcase name="testNonEmptyGroupCreation" time="3.146" classname="com.example.tests.GroupCreationTests"/>
</testsuite> <!-- Default test -->
