<?xml version="1.0" encoding="UTF-8"?>
<!-- Generated by org.testng.reporters.JUnitXMLReporter -->
<testsuite hostname="spbpc89" name="Default test" tests="4" failures="0" timestamp="18 Dec 2013 09:13:29 GMT" time="17.419" errors="0">
  <testcase name="testEmptyGroupCreation" time="3.038" classname="com.example.tests.GroupCreationTests"/>
  <testcase name="testNonEmptyGroupCreation" time="2.781" classname="com.example.tests.GroupCreationTests"/>
  <testcase name="testEmptyGroupCreation" time="1.739" classname="com.example.tests.AlsoGroupCreationTests"/>
  <testcase name="testNonEmptyGroupCreation" time="2.018" classname="com.example.tests.AlsoGroupCreationTests"/>
</testsuite> <!-- Default test -->
